<?xml version="1.0" encoding="UTF-8"?>
<!-- Generated by org.testng.reporters.JUnitReportReporter -->
<testsuite skipped="0" hostname="DESKTOP-3H06R2P" name="testcases.TC001_LoginAndLogout" tests="2" failures="0" timestamp="21 Nov 2018 04:08:34 GMT" time="59.637" errors="0">
  <testcase name="loginAndLogout" time="9.007" classname="testcases.TC001_LoginAndLogout"/>
  <testcase name="loginAndLogout" time="50.630" classname="testcases.TC001_LoginAndLogout"/>
</testsuite> <!-- testcases.TC001_LoginAndLogout -->
