<?xml version="1.0" encoding="UTF-8"?>
<!-- Generated by org.testng.reporters.JUnitReportReporter -->
<testsuite skipped="0" hostname="DESKTOP-C7VVKAF" name="testcases.TC001_LoginLogout" tests="2" failures="0" timestamp="27 Dec 2018 10:21:17 GMT" time="85.134" errors="0">
  <testcase name="loginLogout" time="20.524" classname="testcases.TC001_LoginLogout"/>
  <testcase name="loginLogout" time="64.610" classname="testcases.TC001_LoginLogout"/>
</testsuite> <!-- testcases.TC001_LoginLogout -->
